[MFLOG|0|2026-04-22T06:20:49.622671Z|runtime|550aafe1-e03a-41e4-be2c-895c8cead856]Reached iteration limit
[MFLOG|0|2026-04-22T06:20:54.192363Z|runtime|5a8157ba-c00f-4626-83aa-94f2c08c2702]Epoch 0 | Precissionn: 0.5035 | Loss: 1.0779
[MFLOG|0|2026-04-22T06:20:54.371559Z|runtime|c3acebf0-fb01-43fc-a35b-7146f5a5aec0]Epoch 10 | Precissionn: 0.5027 | Loss: 0.9617
[MFLOG|0|2026-04-22T06:20:54.552271Z|runtime|12acbb44-ea8f-4bc9-be38-42b11e599e11]Epoch 20 | Precissionn: 0.5020 | Loss: 0.8903
[MFLOG|0|2026-04-22T06:20:54.730659Z|runtime|4173510b-3075-4318-a6b1-6e73b42e1417]Epoch 30 | Precissionn: 0.5012 | Loss: 0.8458
[MFLOG|0|2026-04-22T06:20:54.909570Z|runtime|affcf7bf-5af8-413f-a8c3-787f73bbf46b]Epoch 40 | Precissionn: 0.5006 | Loss: 0.8168
[MFLOG|0|2026-04-22T06:20:55.088550Z|runtime|9a90a066-758f-41fd-8de1-5c7a459b492b]Epoch 50 | Precissionn: 0.5001 | Loss: 0.7966
[MFLOG|0|2026-04-22T06:20:55.267181Z|runtime|aa61dcff-a101-4aab-8258-2a1c104e2035]Epoch 60 | Precissionn: 0.4997 | Loss: 0.7817
[MFLOG|0|2026-04-22T06:20:55.445785Z|runtime|c100c0a0-cb4e-439a-a3a9-5d87561fddbb]Epoch 70 | Precissionn: 0.4995 | Loss: 0.7701
[MFLOG|0|2026-04-22T06:20:55.624815Z|runtime|b36389e5-744a-4391-9bc7-8f3bb567fc95]Epoch 80 | Precissionn: 0.4993 | Loss: 0.7607
[MFLOG|0|2026-04-22T06:20:55.803302Z|runtime|ca5051ab-e0cf-4750-9f57-5e60eea15239]Epoch 90 | Precissionn: 0.4991 | Loss: 0.7531
[MFLOG|0|2026-04-22T06:20:55.981030Z|runtime|9d7413d5-3b50-47b2-beab-ca5b47df4665]Epoch 100 | Precissionn: 0.4990 | Loss: 0.7466
[MFLOG|0|2026-04-22T06:20:56.159979Z|runtime|f1cafecb-c8cc-4f04-9156-ab71191c199d]Epoch 110 | Precissionn: 0.4990 | Loss: 0.7412
[MFLOG|0|2026-04-22T06:20:56.338998Z|runtime|d8da1b88-ee3e-499c-8648-e3b8a41e168b]Epoch 120 | Precissionn: 0.4989 | Loss: 0.7367
[MFLOG|0|2026-04-22T06:20:56.517127Z|runtime|90949de8-57fa-403a-8143-34ba232a82f7]Epoch 130 | Precissionn: 0.4989 | Loss: 0.7328
[MFLOG|0|2026-04-22T06:20:56.695998Z|runtime|7875d670-9d1a-4854-9976-03005f0ed4ff]Epoch 140 | Precissionn: 0.4989 | Loss: 0.7295
[MFLOG|0|2026-04-22T06:20:56.881324Z|runtime|60ce7968-9a4c-4e00-a8af-5cebec8c00e9]Epoch 150 | Precissionn: 0.4990 | Loss: 0.7266
[MFLOG|0|2026-04-22T06:20:57.060639Z|runtime|abd68f6a-178c-4e62-99fc-eb68042cccee]Epoch 160 | Precissionn: 0.4990 | Loss: 0.7241
[MFLOG|0|2026-04-22T06:20:57.239787Z|runtime|287d1b45-db90-4edb-9fad-c34af30c53ee]Epoch 170 | Precissionn: 0.4991 | Loss: 0.7220
[MFLOG|0|2026-04-22T06:20:57.419387Z|runtime|bf269b12-6ca2-41a1-abb2-129ccdaa61f5]Epoch 180 | Precissionn: 0.4991 | Loss: 0.7201
[MFLOG|0|2026-04-22T06:20:57.599264Z|runtime|ba3476c1-83a7-44a4-a211-625dc6abdd76]Epoch 190 | Precissionn: 0.4992 | Loss: 0.7185
[MFLOG|0|2026-04-22T06:20:57.779227Z|runtime|34be7ed4-65cc-4ad7-aed4-db3c10d7bab9]Epoch 200 | Precissionn: 0.4993 | Loss: 0.7170
[MFLOG|0|2026-04-22T06:20:57.959464Z|runtime|17212ce1-3cb7-4cf2-b29e-4f5cc05fcbee]Epoch 210 | Precissionn: 0.4993 | Loss: 0.7156
[MFLOG|0|2026-04-22T06:20:58.140387Z|runtime|8d4e0baa-2243-47d0-9315-a027e5915829]Epoch 220 | Precissionn: 0.4994 | Loss: 0.7144
[MFLOG|0|2026-04-22T06:20:58.319837Z|runtime|ae20a1e0-73b4-4f6a-aaca-5b69575283b1]Epoch 230 | Precissionn: 0.4995 | Loss: 0.7134
[MFLOG|0|2026-04-22T06:20:58.498436Z|runtime|dac2933c-059b-4246-a485-9c0541759683]Epoch 240 | Precissionn: 0.4996 | Loss: 0.7125
[MFLOG|0|2026-04-22T06:20:58.678098Z|runtime|0f10378e-3a00-4e3f-96d7-2b5cf8b959c0]Epoch 250 | Precissionn: 0.4996 | Loss: 0.7116
[MFLOG|0|2026-04-22T06:20:58.858039Z|runtime|84ce474e-99e5-40db-8962-e09c13bcf520]Epoch 260 | Precissionn: 0.4997 | Loss: 0.7108
[MFLOG|0|2026-04-22T06:20:59.039149Z|runtime|6bb9388e-f6c2-47ec-8f2c-dc257200d0a2]Epoch 270 | Precissionn: 0.4997 | Loss: 0.7101
[MFLOG|0|2026-04-22T06:20:59.219566Z|runtime|c732f670-00f6-4a8c-8553-06193574a0ab]Epoch 280 | Precissionn: 0.4998 | Loss: 0.7094
[MFLOG|0|2026-04-22T06:20:59.400511Z|runtime|97593371-b0bd-4a5e-8847-9473c2982204]Epoch 290 | Precissionn: 0.4999 | Loss: 0.7088
[MFLOG|0|2026-04-22T06:20:59.581125Z|runtime|8548c231-06ab-4338-b3f2-223e1c34cf21]Epoch 300 | Precissionn: 0.4999 | Loss: 0.7083
[MFLOG|0|2026-04-22T06:20:59.765074Z|runtime|4c42a1a1-52ee-4e39-851e-ff6919e63132]Epoch 310 | Precissionn: 0.4999 | Loss: 0.7078
[MFLOG|0|2026-04-22T06:20:59.962953Z|runtime|71aacc16-4f63-49ed-a417-4b1686c78050]Epoch 320 | Precissionn: 0.5000 | Loss: 0.7073
[MFLOG|0|2026-04-22T06:21:00.156765Z|runtime|bdc5f74a-a74a-4404-bd1a-5eb46dcdc001]Epoch 330 | Precissionn: 0.5000 | Loss: 0.7069
[MFLOG|0|2026-04-22T06:21:00.344825Z|runtime|cab31232-7ce3-4e04-902a-a520ef8def45]Epoch 340 | Precissionn: 0.5001 | Loss: 0.7065
[MFLOG|0|2026-04-22T06:21:00.525177Z|runtime|1c3f614d-4532-46e5-810c-352f77290b4c]Epoch 350 | Precissionn: 0.5001 | Loss: 0.7061
[MFLOG|0|2026-04-22T06:21:00.705091Z|runtime|0863fc0b-a952-4abe-9179-c37f7a27a432]Epoch 360 | Precissionn: 0.5001 | Loss: 0.7057
[MFLOG|0|2026-04-22T06:21:00.885119Z|runtime|65639c54-815d-431e-bd21-9e92c5cd644b]Epoch 370 | Precissionn: 0.5001 | Loss: 0.7054
[MFLOG|0|2026-04-22T06:21:01.064583Z|runtime|4aa91a05-9102-4ce8-8753-d2e7481b5306]Epoch 380 | Precissionn: 0.5002 | Loss: 0.7051
[MFLOG|0|2026-04-22T06:21:01.244052Z|runtime|fb7c63c2-a0ce-4c4f-9e30-98e68bbf1dfc]Epoch 390 | Precissionn: 0.5002 | Loss: 0.7048
[MFLOG|0|2026-04-22T06:21:01.423223Z|runtime|6300b2ac-f717-4437-b026-4924d2539eda]Epoch 400 | Precissionn: 0.5003 | Loss: 0.7046
[MFLOG|0|2026-04-22T06:21:01.603131Z|runtime|f373c94c-df04-46a9-bd8f-6eef8fac0db2]Epoch 410 | Precissionn: 0.5003 | Loss: 0.7043
[MFLOG|0|2026-04-22T06:21:01.783152Z|runtime|b692b1db-6b97-4d5e-8957-167d6131bc64]Epoch 420 | Precissionn: 0.5003 | Loss: 0.7041
[MFLOG|0|2026-04-22T06:21:01.962468Z|runtime|db756a82-abd3-4d16-9877-688fb102bce4]Epoch 430 | Precissionn: 0.5003 | Loss: 0.7039
[MFLOG|0|2026-04-22T06:21:02.142144Z|runtime|06508e54-b68a-4263-8599-ada9b55f4a60]Epoch 440 | Precissionn: 0.5003 | Loss: 0.7037
[MFLOG|0|2026-04-22T06:21:02.322573Z|runtime|44f60c71-ae87-4dcd-8060-4e5ea47d2851]Epoch 450 | Precissionn: 0.5004 | Loss: 0.7035
[MFLOG|0|2026-04-22T06:21:02.501954Z|runtime|60d08849-9ff9-4d51-a9ae-fab0c48be537]Epoch 460 | Precissionn: 0.5004 | Loss: 0.7033
[MFLOG|0|2026-04-22T06:21:02.682057Z|runtime|cac1eeed-f476-4eb6-865a-ed350144ad7a]Epoch 470 | Precissionn: 0.5004 | Loss: 0.7031
[MFLOG|0|2026-04-22T06:21:02.861693Z|runtime|1e5e3271-b948-4fad-ab6f-bc9281387c36]Epoch 480 | Precissionn: 0.5004 | Loss: 0.7030
[MFLOG|0|2026-04-22T06:21:03.041335Z|runtime|22883410-8d81-48c6-8ed9-3b3f0d1ad0a0]Epoch 490 | Precissionn: 0.5005 | Loss: 0.7028
[MFLOG|0|2026-04-22T06:21:03.221019Z|runtime|bc5a1b99-98aa-4af1-8085-fd33fafd7519]Epoch 500 | Precissionn: 0.5005 | Loss: 0.7027
[MFLOG|0|2026-04-22T06:21:03.400607Z|runtime|2cbec0f1-ba3e-42f8-ac06-dc3cfc77aaa6]Epoch 510 | Precissionn: 0.5005 | Loss: 0.7025
[MFLOG|0|2026-04-22T06:21:03.579935Z|runtime|3a1c3cdb-8aa4-427e-b854-b58373bc3eb8]Epoch 520 | Precissionn: 0.5005 | Loss: 0.7024
[MFLOG|0|2026-04-22T06:21:03.758955Z|runtime|36c4b244-d4a9-4137-ba0f-a6155a2e8b52]Epoch 530 | Precissionn: 0.5005 | Loss: 0.7022
[MFLOG|0|2026-04-22T06:21:03.938305Z|runtime|f6a7c873-5506-4745-8758-cfc2e9417d8e]Epoch 540 | Precissionn: 0.5006 | Loss: 0.7021
[MFLOG|0|2026-04-22T06:21:04.118369Z|runtime|e48685bb-5ac5-44ea-977a-4a63999dae14]Epoch 550 | Precissionn: 0.5006 | Loss: 0.7020
[MFLOG|0|2026-04-22T06:21:04.298502Z|runtime|72da088d-2e24-4bea-852a-3249c7399567]Epoch 560 | Precissionn: 0.5006 | Loss: 0.7019
[MFLOG|0|2026-04-22T06:21:04.478310Z|runtime|d8de0a31-85ba-4a52-b85b-133122dc69c1]Epoch 570 | Precissionn: 0.5006 | Loss: 0.7018
[MFLOG|0|2026-04-22T06:21:04.658020Z|runtime|1bb85d53-746c-4a1d-894d-6c5a061bccc4]Epoch 580 | Precissionn: 0.5006 | Loss: 0.7016
[MFLOG|0|2026-04-22T06:21:04.837744Z|runtime|7ae83623-cf0a-4e8c-83a8-3ad1a889b3bb]Epoch 590 | Precissionn: 0.5006 | Loss: 0.7015
[MFLOG|0|2026-04-22T06:21:05.017382Z|runtime|1dea4dd2-116a-4a82-a233-3261a1922c16]Epoch 600 | Precissionn: 0.5006 | Loss: 0.7014
[MFLOG|0|2026-04-22T06:21:05.197792Z|runtime|b1a63219-9388-46fe-b7b6-797d43b8d8df]Epoch 610 | Precissionn: 0.5006 | Loss: 0.7013
[MFLOG|0|2026-04-22T06:21:05.378252Z|runtime|339582e3-45dc-428f-aca6-65461a2539a9]Epoch 620 | Precissionn: 0.5006 | Loss: 0.7012
[MFLOG|0|2026-04-22T06:21:05.558390Z|runtime|db516532-ebc9-4acf-bcc2-8abc19360d58]Epoch 630 | Precissionn: 0.5006 | Loss: 0.7012
[MFLOG|0|2026-04-22T06:21:05.738576Z|runtime|d6ac8b64-6cb0-4eb1-8685-fb63477b91ab]Epoch 640 | Precissionn: 0.5007 | Loss: 0.7011
[MFLOG|0|2026-04-22T06:21:05.918773Z|runtime|d0ddf0b6-a6f4-4e44-9286-d2ace2923a90]Epoch 650 | Precissionn: 0.5007 | Loss: 0.7010
[MFLOG|0|2026-04-22T06:21:06.099907Z|runtime|f8dcd6dd-0ba6-4fab-97ce-7e79244fb61a]Epoch 660 | Precissionn: 0.5007 | Loss: 0.7009
[MFLOG|0|2026-04-22T06:21:06.278245Z|runtime|d30ee058-bc14-4165-aad5-ae9020882283]Epoch 670 | Precissionn: 0.5007 | Loss: 0.7008
[MFLOG|0|2026-04-22T06:21:06.458838Z|runtime|cab0c056-206c-4f68-8402-e16cf57c1475]Epoch 680 | Precissionn: 0.5007 | Loss: 0.7007
[MFLOG|0|2026-04-22T06:21:06.638095Z|runtime|d7df2639-ecd2-490a-b1f0-de0187c78b79]Epoch 690 | Precissionn: 0.5007 | Loss: 0.7006
[MFLOG|0|2026-04-22T06:21:06.817235Z|runtime|864055b1-8176-444f-83a4-5a1a163d0a4e]Epoch 700 | Precissionn: 0.5007 | Loss: 0.7006
[MFLOG|0|2026-04-22T06:21:06.998067Z|runtime|38b0eb1d-a4d0-41e6-a529-5459653f1614]Epoch 710 | Precissionn: 0.5007 | Loss: 0.7005
[MFLOG|0|2026-04-22T06:21:07.179565Z|runtime|74a1fe8b-e529-44d4-86fb-2379e0ba25e1]Epoch 720 | Precissionn: 0.5007 | Loss: 0.7004
[MFLOG|0|2026-04-22T06:21:07.359818Z|runtime|3ec498c0-54ac-42de-a13d-e1fdb6e53a98]Epoch 730 | Precissionn: 0.5007 | Loss: 0.7003
[MFLOG|0|2026-04-22T06:21:07.539256Z|runtime|6c20c9c7-e100-4945-95bd-46d8f153d90c]Epoch 740 | Precissionn: 0.5007 | Loss: 0.7003
[MFLOG|0|2026-04-22T06:21:07.717726Z|runtime|083c72d6-2a79-4b45-a52b-eb186069cf86]Epoch 750 | Precissionn: 0.5007 | Loss: 0.7002
[MFLOG|0|2026-04-22T06:21:07.898430Z|runtime|ba667598-9561-49e7-9c96-eaffeb8616cb]Epoch 760 | Precissionn: 0.5007 | Loss: 0.7001
[MFLOG|0|2026-04-22T06:21:08.078211Z|runtime|2e755266-517a-41be-95df-047433dcea81]Epoch 770 | Precissionn: 0.5007 | Loss: 0.7001
[MFLOG|0|2026-04-22T06:21:08.256742Z|runtime|47940ea0-c7be-4335-8b6d-258e66f7ce53]Epoch 780 | Precissionn: 0.5007 | Loss: 0.7000
[MFLOG|0|2026-04-22T06:21:08.438849Z|runtime|506494ab-8c88-442c-ac2a-55c7e4a53ac7]Epoch 790 | Precissionn: 0.5007 | Loss: 0.6999
[MFLOG|0|2026-04-22T06:21:08.617021Z|runtime|c0c4c959-bdbc-463d-8f2f-7d3c33ee809f]Epoch 800 | Precissionn: 0.5007 | Loss: 0.6999
[MFLOG|0|2026-04-22T06:21:08.795031Z|runtime|18e91405-7ee7-4b9c-b818-ebd461902730]Epoch 810 | Precissionn: 0.5007 | Loss: 0.6998
[MFLOG|0|2026-04-22T06:21:08.974747Z|runtime|0bb1f57b-96dc-4cd3-861b-0fc46b32f183]Epoch 820 | Precissionn: 0.5007 | Loss: 0.6998
[MFLOG|0|2026-04-22T06:21:09.153584Z|runtime|327bc756-3590-4d17-b870-8b1da45bdf3b]Epoch 830 | Precissionn: 0.5007 | Loss: 0.6997
[MFLOG|0|2026-04-22T06:21:09.332525Z|runtime|6aaf1953-b300-408c-941c-67e6cce3fdb4]Epoch 840 | Precissionn: 0.5007 | Loss: 0.6996
[MFLOG|0|2026-04-22T06:21:09.512363Z|runtime|9d91b681-668d-4427-8c69-dbbd1083ae20]Epoch 850 | Precissionn: 0.5007 | Loss: 0.6996
[MFLOG|0|2026-04-22T06:21:09.692423Z|runtime|8affaf72-b856-4fca-9300-2c03f8f0e948]Epoch 860 | Precissionn: 0.5007 | Loss: 0.6995
[MFLOG|0|2026-04-22T06:21:09.873248Z|runtime|d88e89c9-136c-4a88-84f1-4722e06d4fe8]Epoch 870 | Precissionn: 0.5007 | Loss: 0.6995
[MFLOG|0|2026-04-22T06:21:10.051805Z|runtime|b9542125-02fb-4051-8079-46968910c427]Epoch 880 | Precissionn: 0.5007 | Loss: 0.6994
[MFLOG|0|2026-04-22T06:21:10.229962Z|runtime|d3aa856c-5195-4c74-af3a-05b1a11daa9c]Epoch 890 | Precissionn: 0.5008 | Loss: 0.6994
[MFLOG|0|2026-04-22T06:21:10.408052Z|runtime|3b793987-ae7b-43e9-af93-0f55c67d8876]Epoch 900 | Precissionn: 0.5008 | Loss: 0.6993
[MFLOG|0|2026-04-22T06:21:10.586740Z|runtime|29e5fedf-ff2c-4a9a-9ff7-4978c60d6f41]Epoch 910 | Precissionn: 0.5008 | Loss: 0.6993
[MFLOG|0|2026-04-22T06:21:10.767697Z|runtime|65587bfb-c07b-451a-842b-0dcb42290fc7]Epoch 920 | Precissionn: 0.5008 | Loss: 0.6992
[MFLOG|0|2026-04-22T06:21:10.947129Z|runtime|25e096bd-e899-49c8-8579-85434b4783dc]Epoch 930 | Precissionn: 0.5008 | Loss: 0.6992
[MFLOG|0|2026-04-22T06:21:11.125204Z|runtime|c0a16de8-42f7-47c7-86df-e51d35c4b53f]Epoch 940 | Precissionn: 0.5008 | Loss: 0.6991
[MFLOG|0|2026-04-22T06:21:11.303635Z|runtime|eea25c90-d7ba-42e9-ae27-e4751d621c24]Epoch 950 | Precissionn: 0.5008 | Loss: 0.6991
[MFLOG|0|2026-04-22T06:21:11.481736Z|runtime|bcdaff21-dcb2-401f-a121-0c9a7ca96d78]Epoch 960 | Precissionn: 0.5008 | Loss: 0.6990
[MFLOG|0|2026-04-22T06:21:11.660876Z|runtime|3354cc26-499b-47aa-8e58-875948254662]Epoch 970 | Precissionn: 0.5008 | Loss: 0.6990
[MFLOG|0|2026-04-22T06:21:11.840832Z|runtime|a1c8ec86-d5e3-4559-a05e-aec07acf31dd]Epoch 980 | Precissionn: 0.5008 | Loss: 0.6989
[MFLOG|0|2026-04-22T06:21:12.020054Z|runtime|1559803d-9165-4791-9654-f7d16c2c7721]Epoch 990 | Precissionn: 0.5008 | Loss: 0.6989
