[MFLOG|0|2026-04-22T07:24:49.022196Z|runtime|00fa02e1-3526-417d-b7a0-fa7d249463a4]TP: 325
[MFLOG|0|2026-04-22T07:24:49.022349Z|runtime|74bef25e-641f-499a-bf19-96a0565cc5f6]TN: 996
[MFLOG|0|2026-04-22T07:24:49.022424Z|runtime|e7899aaf-39aa-46d5-8325-c079a453e70b]FP: 346
[MFLOG|0|2026-04-22T07:24:49.022474Z|runtime|1c9d3c61-add7-4e09-bf7d-2012bfdd7baa]FN: 122
[MFLOG|0|2026-04-22T07:25:27.530787Z|runtime|ecd447c7-8702-45c1-9d8e-01614d1faa3a]Reached iteration limit
[MFLOG|0|2026-04-22T07:25:27.804038Z|runtime|a3161084-d220-45f8-b273-100dd9ff2708]TP: 323
[MFLOG|0|2026-04-22T07:25:27.804179Z|runtime|bbd21609-8f10-4d80-86d7-d44fd6cb6682]TN: 1040
[MFLOG|0|2026-04-22T07:25:32.161603Z|runtime|5933484b-a1e8-4477-a45e-7b067c719039]FP: 302
[MFLOG|0|2026-04-22T07:25:32.161724Z|runtime|0a907a63-09a0-4971-abda-b517b3addb63]FN: 124
[MFLOG|0|2026-04-22T07:25:32.161768Z|runtime|034b5d03-8fad-4e31-8eb5-38c7f75355ac]Epoch 0 | Precissionn: 0.4683 | Loss: 1.0785
[MFLOG|0|2026-04-22T07:25:32.280095Z|runtime|e2ae1ed0-686e-420c-b254-062b350959f4]Epoch 10 | Precissionn: 0.4781 | Loss: 0.9528
[MFLOG|0|2026-04-22T07:25:32.395790Z|runtime|0b90c4f3-1916-48d4-99a6-c8b9135a134d]Epoch 20 | Precissionn: 0.4872 | Loss: 0.8782
[MFLOG|0|2026-04-22T07:25:32.513173Z|runtime|220824fd-71e6-4e92-b7c7-37f051f192c9]Epoch 30 | Precissionn: 0.4966 | Loss: 0.8329
[MFLOG|0|2026-04-22T07:25:32.627785Z|runtime|50605ac9-485f-485b-9fd8-a0b24aee1e1c]Epoch 40 | Precissionn: 0.5046 | Loss: 0.8038
[MFLOG|0|2026-04-22T07:25:32.743677Z|runtime|37c3e6b5-b2c6-4ddf-a520-cfa2535d8ca6]Epoch 50 | Precissionn: 0.5109 | Loss: 0.7842
[MFLOG|0|2026-04-22T07:25:32.858986Z|runtime|4e7921ee-f307-43d6-ac37-ee0fb4ea1f74]Epoch 60 | Precissionn: 0.5162 | Loss: 0.7699
[MFLOG|0|2026-04-22T07:25:32.974577Z|runtime|6319b37b-f998-4b06-9e84-fe9c745c2119]Epoch 70 | Precissionn: 0.5201 | Loss: 0.7589
[MFLOG|0|2026-04-22T07:25:33.090487Z|runtime|dadb95dc-cdc5-4d59-831c-5f619541cced]Epoch 80 | Precissionn: 0.5235 | Loss: 0.7502
[MFLOG|0|2026-04-22T07:25:33.205892Z|runtime|be865e9b-f37f-4dba-a3f7-f0ff3918d136]Epoch 90 | Precissionn: 0.5259 | Loss: 0.7429
[MFLOG|0|2026-04-22T07:25:33.321751Z|runtime|d3412ff4-e8a8-4fa6-9607-fdd1241bf43f]Epoch 100 | Precissionn: 0.5275 | Loss: 0.7367
[MFLOG|0|2026-04-22T07:25:33.437136Z|runtime|57771b45-fbe9-45c4-8d53-8ddabd09906f]Epoch 110 | Precissionn: 0.5290 | Loss: 0.7315
[MFLOG|0|2026-04-22T07:25:33.553210Z|runtime|b8823403-6b1e-481f-b519-1699350d2c10]Epoch 120 | Precissionn: 0.5302 | Loss: 0.7271
[MFLOG|0|2026-04-22T07:25:33.669034Z|runtime|80c094e7-d1eb-4310-95ce-f042454af796]Epoch 130 | Precissionn: 0.5310 | Loss: 0.7233
[MFLOG|0|2026-04-22T07:25:33.785786Z|runtime|20ac945c-ce14-491e-86da-be13bfd838c7]Epoch 140 | Precissionn: 0.5319 | Loss: 0.7200
[MFLOG|0|2026-04-22T07:25:33.903701Z|runtime|dffcd197-3607-4228-b14d-9519b78afd1f]Epoch 150 | Precissionn: 0.5323 | Loss: 0.7172
[MFLOG|0|2026-04-22T07:25:34.020685Z|runtime|2a32c901-b589-4434-84f3-5da9dea66e16]Epoch 160 | Precissionn: 0.5330 | Loss: 0.7148
[MFLOG|0|2026-04-22T07:25:34.136430Z|runtime|7da1bf0a-d181-46f3-8d0e-d558050a59c0]Epoch 170 | Precissionn: 0.5334 | Loss: 0.7127
[MFLOG|0|2026-04-22T07:25:34.252665Z|runtime|b59c4995-6011-41a9-9dd2-0f5fa136cb56]Epoch 180 | Precissionn: 0.5336 | Loss: 0.7108
[MFLOG|0|2026-04-22T07:25:34.368229Z|runtime|50cae6cc-dd41-4874-89ec-303cef65a7b5]Epoch 190 | Precissionn: 0.5340 | Loss: 0.7092
[MFLOG|0|2026-04-22T07:25:34.483591Z|runtime|e4d4a18d-dab3-4247-8b36-7dfe49b7198e]Epoch 200 | Precissionn: 0.5339 | Loss: 0.7078
[MFLOG|0|2026-04-22T07:25:34.599895Z|runtime|67118961-5ffe-4cfd-8311-93de95496fc9]Epoch 210 | Precissionn: 0.5343 | Loss: 0.7065
[MFLOG|0|2026-04-22T07:25:34.716786Z|runtime|6c61042b-8bb5-44a5-b30e-10500600e8c5]Epoch 220 | Precissionn: 0.5344 | Loss: 0.7054
[MFLOG|0|2026-04-22T07:25:34.839281Z|runtime|42aeaa98-d3ba-4b7d-aa01-8bb21b77b5c4]Epoch 230 | Precissionn: 0.5345 | Loss: 0.7045
[MFLOG|0|2026-04-22T07:25:34.964930Z|runtime|2cd3fba8-eeb5-472a-96f5-746deb8d7e16]Epoch 240 | Precissionn: 0.5348 | Loss: 0.7036
[MFLOG|0|2026-04-22T07:25:35.079761Z|runtime|7b1c5ccd-0aef-443c-bae7-0ae848953fc1]Epoch 250 | Precissionn: 0.5348 | Loss: 0.7029
[MFLOG|0|2026-04-22T07:25:35.197383Z|runtime|de9b2199-b986-42f2-9201-9b0a719e7623]Epoch 260 | Precissionn: 0.5347 | Loss: 0.7022
[MFLOG|0|2026-04-22T07:25:35.314917Z|runtime|1caabfb1-860a-4311-961f-fa1de8478ffd]Epoch 270 | Precissionn: 0.5349 | Loss: 0.7016
[MFLOG|0|2026-04-22T07:25:35.430296Z|runtime|d22150e2-0b0e-45a8-a619-8b7b3723a10b]Epoch 280 | Precissionn: 0.5350 | Loss: 0.7011
[MFLOG|0|2026-04-22T07:25:35.546254Z|runtime|01f0fe76-c1a7-486b-87a5-d8f2534aa4f6]Epoch 290 | Precissionn: 0.5350 | Loss: 0.7006
[MFLOG|0|2026-04-22T07:25:35.661237Z|runtime|23942384-2d64-4344-ac71-3efdf647b6ae]Epoch 300 | Precissionn: 0.5352 | Loss: 0.7001
[MFLOG|0|2026-04-22T07:25:35.776762Z|runtime|2614ad6e-903b-42b1-a186-a2fcc952e913]Epoch 310 | Precissionn: 0.5354 | Loss: 0.6997
[MFLOG|0|2026-04-22T07:25:35.892727Z|runtime|77bc2b61-81f1-4694-b8ae-e97c6601892f]Epoch 320 | Precissionn: 0.5356 | Loss: 0.6994
[MFLOG|0|2026-04-22T07:25:36.010196Z|runtime|3dae50d5-9cb1-4484-89d3-17799de67909]Epoch 330 | Precissionn: 0.5357 | Loss: 0.6990
[MFLOG|0|2026-04-22T07:25:36.127940Z|runtime|132f9005-751a-4249-b1fc-08f39f5e69b4]Epoch 340 | Precissionn: 0.5357 | Loss: 0.6987
[MFLOG|0|2026-04-22T07:25:36.243319Z|runtime|38e699c6-911d-4b7a-ab07-7a34314a9848]Epoch 350 | Precissionn: 0.5356 | Loss: 0.6984
[MFLOG|0|2026-04-22T07:25:36.359069Z|runtime|689a3fc2-47ac-40dc-bd3a-faf19f447789]Epoch 360 | Precissionn: 0.5356 | Loss: 0.6982
[MFLOG|0|2026-04-22T07:25:36.476257Z|runtime|72dfe1cc-caee-46ef-ab26-74018d107d64]Epoch 370 | Precissionn: 0.5356 | Loss: 0.6979
[MFLOG|0|2026-04-22T07:25:36.592027Z|runtime|61af976b-066b-4b74-8d72-c993194320be]Epoch 380 | Precissionn: 0.5358 | Loss: 0.6977
[MFLOG|0|2026-04-22T07:25:36.712216Z|runtime|094791c3-44f9-43ae-b260-0086fb96fde0]Epoch 390 | Precissionn: 0.5358 | Loss: 0.6975
[MFLOG|0|2026-04-22T07:25:36.833729Z|runtime|6e41fcc6-f732-4932-b7bf-59711fd852a0]Epoch 400 | Precissionn: 0.5360 | Loss: 0.6973
[MFLOG|0|2026-04-22T07:25:36.952979Z|runtime|f42395d7-dc0e-470b-9582-3847fd9bc161]Epoch 410 | Precissionn: 0.5360 | Loss: 0.6971
[MFLOG|0|2026-04-22T07:25:37.073395Z|runtime|1302d4f8-94a4-4a38-906b-0963c228b315]Epoch 420 | Precissionn: 0.5360 | Loss: 0.6970
[MFLOG|0|2026-04-22T07:25:37.193097Z|runtime|7e1b67d6-b96a-42fe-97ac-690be62ef5c5]Epoch 430 | Precissionn: 0.5361 | Loss: 0.6968
[MFLOG|0|2026-04-22T07:25:37.314440Z|runtime|752abd1f-1c77-4261-aa86-f1eecc4f501a]Epoch 440 | Precissionn: 0.5363 | Loss: 0.6966
[MFLOG|0|2026-04-22T07:25:37.434145Z|runtime|22e8f4a7-eb21-499e-a629-f1a9babcf736]Epoch 450 | Precissionn: 0.5364 | Loss: 0.6965
[MFLOG|0|2026-04-22T07:25:37.551487Z|runtime|69519555-c088-461e-8379-c029ac55bdf7]Epoch 460 | Precissionn: 0.5364 | Loss: 0.6964
[MFLOG|0|2026-04-22T07:25:37.671529Z|runtime|05444b61-68f0-4d03-b0df-7ea020205a7c]Epoch 470 | Precissionn: 0.5365 | Loss: 0.6962
[MFLOG|0|2026-04-22T07:25:37.788911Z|runtime|b474d25e-20a3-489d-beca-57d4bb688359]Epoch 480 | Precissionn: 0.5366 | Loss: 0.6961
[MFLOG|0|2026-04-22T07:25:37.907286Z|runtime|feeb661b-0094-4bae-a292-047320bdf72f]Epoch 490 | Precissionn: 0.5368 | Loss: 0.6960
